2026-02-14 18:52:43 | SELECT id FROM users WHERE username='admin123' LIMIT 1
2026-02-14 18:52:43 | DELETE FROM sessions WHERE creationTime < '2026-02-14 12:52:00'
2026-02-14 18:52:43 | INSERT INTO sessions (id, code, memberId, isSuper, creationTime, lastCheck)
                   VALUES (NULL, '564650ab6945fb65b295b3b57b562fc122950a75e4034efea', 1, 1, NOW(), NOW())
2026-02-14 18:52:43 | select creationTime from sessions where code='564650ab6945fb65b295b3b57b562fc122950a75e4034efea'
2026-02-14 18:52:43 | update sessions set creationTime = now() where code='564650ab6945fb65b295b3b57b562fc122950a75e4034efea'
2026-02-14 18:52:43 | select memberId from sessions where code='564650ab6945fb65b295b3b57b562fc122950a75e4034efea'
2026-02-14 18:52:43 | select * from users where id='1'
2026-02-14 18:52:43 | select * from domains where id=
2026-02-14 18:53:14 | SELECT id FROM users WHERE username='admin123' LIMIT 1
2026-02-14 18:53:14 | DELETE FROM sessions WHERE creationTime < '2026-02-14 12:53:00'
2026-02-14 18:53:14 | INSERT INTO sessions (id, code, memberId, isSuper, creationTime, lastCheck)
                   VALUES (NULL, '7001922eeb640f939c8f624ea4a3642c6908553f3d0e4f071', 1, 1, NOW(), NOW())
2026-02-14 18:53:14 | select creationTime from sessions where code='7001922eeb640f939c8f624ea4a3642c6908553f3d0e4f071'
2026-02-14 18:53:14 | update sessions set creationTime = now() where code='7001922eeb640f939c8f624ea4a3642c6908553f3d0e4f071'
2026-02-14 18:53:14 | select memberId from sessions where code='7001922eeb640f939c8f624ea4a3642c6908553f3d0e4f071'
2026-02-14 18:53:14 | select * from users where id='1'
2026-02-14 18:53:14 | select * from domains where id=
2026-02-14 19:32:44 | DELETE FROM sessions WHERE creationTime < '2026-02-14 13:32:00'
2026-02-14 19:32:44 | INSERT INTO sessions (id, code, memberId, isSuper, creationTime, lastCheck)
         VALUES (NULL, '44391ea3845fa0d8780dbd864bc01853450aef9cc85366cf8', 1, 1, NOW(), NOW())
2026-02-14 19:32:44 | select creationTime from sessions where code='44391ea3845fa0d8780dbd864bc01853450aef9cc85366cf8'
2026-02-14 19:32:44 | update sessions set creationTime = now() where code='44391ea3845fa0d8780dbd864bc01853450aef9cc85366cf8'
2026-02-14 19:32:44 | select memberId from sessions where code='44391ea3845fa0d8780dbd864bc01853450aef9cc85366cf8'
2026-02-14 19:32:44 | select * from users where id='1'
2026-02-14 19:32:44 | select * from domains where id=
2026-02-14 19:35:57 | DELETE FROM sessions WHERE creationTime < '2026-02-14 13:35:00'
2026-02-14 19:35:57 | INSERT INTO sessions (id, code, memberId, isSuper, creationTime, lastCheck)
         VALUES (NULL, '2dba6b1a96dc69dbea9cfa5421b6ae6746b2f52ebd4636b61', 1, 1, NOW(), NOW())
2026-02-14 19:35:57 | SELECT * FROM sessions WHERE code = '2dba6b1a96dc69dbea9cfa5421b6ae6746b2f52ebd4636b61' LIMIT 1
2026-02-14 19:35:57 | UPDATE sessions SET lastCheck = NOW() WHERE code = '2dba6b1a96dc69dbea9cfa5421b6ae6746b2f52ebd4636b61'
2026-02-14 19:39:24 | DELETE FROM sessions WHERE creationTime < '2026-02-14 13:39:00'
2026-02-14 19:39:24 | INSERT INTO sessions (id, code, memberId, isSuper, creationTime, lastCheck)
         VALUES (NULL, '6a438d3b557d4050589eae536e341a03c0a58150bf5db3772', 1, 1, NOW(), NOW())
2026-02-14 19:39:25 | select creationTime from sessions where code='6a438d3b557d4050589eae536e341a03c0a58150bf5db3772'
2026-02-14 19:39:25 | update sessions set creationTime = now() where code='6a438d3b557d4050589eae536e341a03c0a58150bf5db3772'
2026-02-14 19:39:25 | select memberId from sessions where code='6a438d3b557d4050589eae536e341a03c0a58150bf5db3772'
2026-02-14 19:39:25 | select * from users where id='1'
2026-02-14 19:39:25 | select * from domains where id=
2026-02-14 19:47:08 | DELETE FROM sessions WHERE creationTime < '2026-02-14 13:47:00'
2026-02-14 19:47:08 | INSERT INTO sessions (id, code, memberId, isSuper, creationTime, lastCheck)
         VALUES (NULL, '1a2a8baaab6e3cd31c18305f66da07539f3cc2bc26560bb0a', 1, 1, NOW(), NOW())
2026-02-14 19:47:09 | select creationTime from sessions where code='1a2a8baaab6e3cd31c18305f66da07539f3cc2bc26560bb0a'
2026-02-14 19:47:09 | update sessions set creationTime = now() where code='1a2a8baaab6e3cd31c18305f66da07539f3cc2bc26560bb0a'
2026-02-14 19:47:09 | select memberId from sessions where code='1a2a8baaab6e3cd31c18305f66da07539f3cc2bc26560bb0a'
2026-02-14 19:47:09 | select * from users where id='1'
2026-02-14 19:47:09 | select * from domains where id=
2026-02-14 19:59:08 | DELETE FROM sessions WHERE creationTime < '2026-02-14 13:59:00'
2026-02-14 19:59:08 | INSERT INTO sessions (id, code, memberId, isSuper, creationTime, lastCheck)
         VALUES (NULL, 'e7d04ba2720572f1806dbcdc92c6c07041535251a67b4e1bf', 1, 1, NOW(), NOW())
2026-02-14 19:59:08 | select creationTime from sessions where code='e7d04ba2720572f1806dbcdc92c6c07041535251a67b4e1bf'
2026-02-14 20:21:30 | DELETE FROM sessions WHERE creationTime < '2026-02-14 14:21:00'
2026-02-14 20:21:30 | INSERT INTO sessions (id, code, memberId, isSuper, creationTime, lastCheck)
         VALUES (NULL, '6b2b3ac6a823824e574a754fb47f65760292ae3600a13c979', 1, 1, NOW(), NOW())
2026-02-14 20:21:30 | select creationTime from sessions where code='6b2b3ac6a823824e574a754fb47f65760292ae3600a13c979'
